INFO 2024-07-09 12:07:12,045 autoreload Watching for file changes with StatReloader
INFO 2024-07-09 12:07:16,318 basehttp "GET / HTTP/1.1" 200 1283
INFO 2024-07-09 12:07:18,583 views Index page accessed
INFO 2024-07-09 12:07:18,598 basehttp "GET /hw4/ HTTP/1.1" 200 2249
INFO 2024-07-09 12:07:18,629 basehttp "GET /static/css/styles.css HTTP/1.1" 304 0
INFO 2024-07-09 12:11:31,329 autoreload /Users/ivan/Desktop/GB_Django/homework/homework/settings.py changed, reloading.
INFO 2024-07-09 12:11:32,155 autoreload Watching for file changes with StatReloader
ERROR 2024-07-09 12:11:41,265 exception Invalid HTTP_HOST header: '127.0.0.1:8000'. You may need to add '127.0.0.1' to ALLOWED_HOSTS.
Traceback (most recent call last):
  File "/Users/ivan/Desktop/GB_Django/venv/lib/python3.12/site-packages/django/core/handlers/exception.py", line 55, in inner
    response = get_response(request)
               ^^^^^^^^^^^^^^^^^^^^^
  File "/Users/ivan/Desktop/GB_Django/venv/lib/python3.12/site-packages/django/utils/deprecation.py", line 133, in __call__
    response = self.process_request(request)
               ^^^^^^^^^^^^^^^^^^^^^^^^^^^^^
  File "/Users/ivan/Desktop/GB_Django/venv/lib/python3.12/site-packages/django/middleware/common.py", line 48, in process_request
    host = request.get_host()
           ^^^^^^^^^^^^^^^^^^
  File "/Users/ivan/Desktop/GB_Django/venv/lib/python3.12/site-packages/django/http/request.py", line 151, in get_host
    raise DisallowedHost(msg)
django.core.exceptions.DisallowedHost: Invalid HTTP_HOST header: '127.0.0.1:8000'. You may need to add '127.0.0.1' to ALLOWED_HOSTS.
WARNING 2024-07-09 12:11:41,272 log Bad Request: /hw4/
WARNING 2024-07-09 12:11:41,273 basehttp "GET /hw4/ HTTP/1.1" 400 143
ERROR 2024-07-09 12:11:42,601 exception Invalid HTTP_HOST header: '127.0.0.1:8000'. You may need to add '127.0.0.1' to ALLOWED_HOSTS.
Traceback (most recent call last):
  File "/Users/ivan/Desktop/GB_Django/venv/lib/python3.12/site-packages/django/core/handlers/exception.py", line 55, in inner
    response = get_response(request)
               ^^^^^^^^^^^^^^^^^^^^^
  File "/Users/ivan/Desktop/GB_Django/venv/lib/python3.12/site-packages/django/utils/deprecation.py", line 133, in __call__
    response = self.process_request(request)
               ^^^^^^^^^^^^^^^^^^^^^^^^^^^^^
  File "/Users/ivan/Desktop/GB_Django/venv/lib/python3.12/site-packages/django/middleware/common.py", line 48, in process_request
    host = request.get_host()
           ^^^^^^^^^^^^^^^^^^
  File "/Users/ivan/Desktop/GB_Django/venv/lib/python3.12/site-packages/django/http/request.py", line 151, in get_host
    raise DisallowedHost(msg)
django.core.exceptions.DisallowedHost: Invalid HTTP_HOST header: '127.0.0.1:8000'. You may need to add '127.0.0.1' to ALLOWED_HOSTS.
WARNING 2024-07-09 12:11:42,602 log Bad Request: /hw4/
WARNING 2024-07-09 12:11:42,602 basehttp "GET /hw4/ HTTP/1.1" 400 143
INFO 2024-07-09 12:21:07,542 autoreload /Users/ivan/Desktop/GB_Django/homework/homework/settings.py changed, reloading.
INFO 2024-07-09 12:21:08,524 autoreload Watching for file changes with StatReloader
